----------------------------------------------------------------
<<<<<<< HEAD
Thu Apr 05 17:10:28 EDT 2018:
Booting Derby version The Apache Software Foundation - Apache Derby - 10.10.2.0 - (1582446): instance a816c00e-0162-97a5-7fdd-000000a1f380 
on database directory C:\Users\Jon\eclipse-workspace\SpartanEats\test.db with class loader sun.misc.Launcher$AppClassLoader@baf30c 
Loaded from file:/C:/Users/Jon/eclipse-workspace/CS320_Derby/lib/derby.jar
=======
Wed Apr 04 16:12:20 EDT 2018:
Booting Derby version The Apache Software Foundation - Apache Derby - 10.10.2.0 - (1582446): instance a816c00e-0162-9249-e9a8-0000062beb58 
on database directory /Users/samanthakiser/git/SpartanEats/test.db with class loader sun.misc.Launcher$AppClassLoader@4517d9a3 
Loaded from file:/Users/samanthakiser/eclipse-workspace/CS320_Derby/lib/derby.jar
>>>>>>> c8eb05c3dd8ed0a6579c337c115e26dca3e75d4d
java.vendor=Oracle Corporation
java.runtime.version=1.8.0_141-b15
user.dir=/Users/samanthakiser/git/SpartanEats
os.name=Mac OS X
os.arch=x86_64
os.version=10.13.4
derby.system.home=null
Database Class Loader started - derby.database.classpath=''
